<?xml version="1.0" encoding="UTF-8"?>
<!-- Generated by org.testng.reporters.JUnitXMLReporter -->
<testsuite ignored="0" hostname="DESKTOP-GC6KELD" failures="0" tests="3" name="Test-1" time="106.681" errors="0" timestamp="2024-07-08T15:24:46 IST">
  <testcase classname="com.comcast.crm.contacttest.CreateContact_Test" name="CreateContactTest" time="26.413"/>
  <testcase classname="com.comcast.crm.contacttest.CreateContact_Test" name="createContactWithsupportDateTest" time="18.023"/>
  <testcase classname="com.comcast.crm.contacttest.CreateContact_Test" name="createcontactwithOrgTest" time="29.388"/>
</testsuite> <!-- Test-1 -->
