<?xml version="1.0" encoding="UTF-8"?>
<!-- Generated by org.testng.reporters.JUnitXMLReporter -->
<testsuite ignored="0" hostname="DESKTOP-GC6KELD" failures="0" tests="3" name="Test-2" time="93.068" errors="0" timestamp="2024-07-08T15:24:32 IST">
  <testcase classname="com.comcast.crm.orgtest.CreateOrgtest" name="CreateOrganizationtest" time="25.747"/>
  <testcase classname="com.comcast.crm.orgtest.CreateOrgtest" name="createorgwithind" time="17.478"/>
  <testcase classname="com.comcast.crm.orgtest.CreateOrgtest" name="createorgwithphone" time="16.732"/>
</testsuite> <!-- Test-2 -->
