<?xml version="1.0" encoding="UTF-8"?>
<!-- Generated by org.testng.reporters.JUnitReportReporter -->
<testsuite hostname="DESKTOP-GC6KELD" failures="0" tests="1" name="com.comcast.crm.contacttest.CreateContact_Test" time="24.920" errors="0" timestamp="2024-07-14T13:49:45 IST" skipped="0">
  <testcase classname="com.comcast.crm.contacttest.CreateContact_Test" name="CreateContactTest" time="24.920"/>
  <system-out/>
</testsuite> <!-- com.comcast.crm.contacttest.CreateContact_Test -->
