<?xml version="1.0" encoding="UTF-8"?>
<!-- Generated by org.testng.reporters.JUnitReportReporter -->
<testsuite hostname="DESKTOP-GC6KELD" failures="0" tests="2" name="com.crm.comcast.contacttest.CreateContactTest" time="0.036" errors="0" timestamp="2024-07-05T11:37:48 IST" skipped="0">
  <testcase classname="com.crm.comcast.contacttest.CreateContactTest" name="Createcontacttest" time="0.019"/>
  <system-out/>
  <testcase classname="com.crm.comcast.contacttest.CreateContactTest" name="CreatecontactwithDatetest" time="0.017"/>
  <system-out/>
</testsuite> <!-- com.crm.comcast.contacttest.CreateContactTest -->
