<?xml version="1.0" encoding="UTF-8"?>
<!-- Generated by org.testng.reporters.JUnitReportReporter -->
<testsuite hostname="DESKTOP-GC6KELD" failures="0" tests="1" name="com.comcast.crm.orgtest.DeleteOrgTest" time="41.882" errors="0" timestamp="2024-07-05T09:38:47 IST" skipped="0">
  <testcase classname="com.comcast.crm.orgtest.DeleteOrgTest" name="Deleteorg" time="41.882"/>
  <system-out/>
</testsuite> <!-- com.comcast.crm.orgtest.DeleteOrgTest -->
