<?xml version="1.0" encoding="UTF-8"?>
<!-- Generated by org.testng.reporters.JUnitReportReporter -->
<testsuite hostname="DESKTOP-GC6KELD" failures="0" tests="1" name="practice.pom.repository.SampleTestWithPom" time="13.107" errors="0" timestamp="2024-07-02T11:17:58 IST" skipped="0">
  <testcase classname="practice.pom.repository.SampleTestWithPom" name="sampleTest" time="13.107"/>
</testsuite> <!-- practice.pom.repository.SampleTestWithPom -->
