<?xml version="1.0" encoding="UTF-8"?>
<!-- Generated by org.testng.reporters.JUnitReportReporter -->
<testsuite hostname="DESKTOP-GC6KELD" failures="0" tests="3" name="practice.testng.CreateContact_DP_Test" time="0.032" errors="0" timestamp="2024-07-04T10:09:02 IST" skipped="0">
  <testcase classname="practice.testng.CreateContact_DP_Test" name="createcontactTest" time="0.003"/>
  <system-out/>
  <testcase classname="practice.testng.CreateContact_DP_Test" name="createcontactTest" time="0.004"/>
  <system-out/>
  <testcase classname="practice.testng.CreateContact_DP_Test" name="createcontactTest" time="0.025"/>
  <system-out/>
</testsuite> <!-- practice.testng.CreateContact_DP_Test -->
