<?xml version="1.0" encoding="UTF-8"?>
<!-- Generated by org.testng.reporters.JUnitReportReporter -->
<testsuite hostname="DESKTOP-GC6KELD" failures="0" tests="3" name="Practicetest.GetProductInfoTest" time="57.815" errors="0" timestamp="2024-07-04T12:54:32 IST" skipped="0">
  <testcase classname="Practicetest.GetProductInfoTest" name="getProductInfoTest" time="14.692"/>
  <system-out/>
  <testcase classname="Practicetest.GetProductInfoTest" name="getProductInfoTest" time="16.222"/>
  <system-out/>
  <testcase classname="Practicetest.GetProductInfoTest" name="getProductInfoTest" time="26.901"/>
  <system-out/>
</testsuite> <!-- Practicetest.GetProductInfoTest -->
