<?xml version="1.0" encoding="UTF-8"?>
<!-- Generated by org.testng.reporters.JUnitReportReporter -->
<testsuite hostname="DESKTOP-GC6KELD" failures="0" tests="3" name="com.comcast.crm.orgtest.CreateOrgtest" time="57.064" errors="0" timestamp="2024-07-12T12:08:44 IST" skipped="0">
  <testcase classname="com.comcast.crm.orgtest.CreateOrgtest" name="createorgwithind" time="18.356"/>
  <system-out/>
  <testcase classname="com.comcast.crm.orgtest.CreateOrgtest" name="CreateOrganizationtest" time="21.564"/>
  <system-out/>
  <testcase classname="com.comcast.crm.orgtest.CreateOrgtest" name="createorgwithphone" time="17.144"/>
  <system-out/>
</testsuite> <!-- com.comcast.crm.orgtest.CreateOrgtest -->
