<?xml version="1.0" encoding="UTF-8"?>
<!-- Generated by org.testng.reporters.JUnitReportReporter -->
<testsuite hostname="DESKTOP-GC6KELD" failures="0" tests="2" name="com.crm.comcast.contacttest.CreateOrgTest" time="0.010" errors="0" timestamp="2024-07-05T11:37:48 IST" skipped="0">
  <testcase classname="com.crm.comcast.contacttest.CreateOrgTest" name="CreateOrgWithIndustriestest" time="0.005"/>
  <system-out/>
  <testcase classname="com.crm.comcast.contacttest.CreateOrgTest" name="CreateOrgtest" time="0.005"/>
  <system-out/>
</testsuite> <!-- com.crm.comcast.contacttest.CreateOrgTest -->
