<?xml version="1.0" encoding="UTF-8"?>
<!-- Generated by org.testng.reporters.JUnitReportReporter -->
<testsuite hostname="DESKTOP-GC6KELD" failures="0" tests="2" name="practice.testng.CreateContactTest" time="0.021" errors="0" timestamp="2024-07-04T16:24:25 IST" skipped="0">
  <testcase classname="practice.testng.CreateContactTest" name="CCDtest" time="0.014"/>
  <system-out/>
  <testcase classname="practice.testng.CreateContactTest" name="CCtest" time="0.007"/>
  <system-out/>
</testsuite> <!-- practice.testng.CreateContactTest -->
