<?xml version="1.0" encoding="UTF-8"?>
<!-- Generated by org.testng.reporters.JUnitReportReporter -->
<testsuite hostname="DESKTOP-GC6KELD" failures="0" tests="12" name="practice.testng.SampleTest" time="0.039" errors="0" timestamp="2024-07-03T15:14:26 IST" skipped="2">
  <testcase classname="practice.testng.SampleTest" name="createcontactTest" time="0.002"/>
  <system-out/>
  <testcase classname="practice.testng.SampleTest" name="createcontactTest" time="0.002"/>
  <system-out/>
  <testcase classname="practice.testng.SampleTest" name="createcontactTest" time="0.003"/>
  <system-out/>
  <testcase classname="practice.testng.SampleTest" name="createcontactTest" time="0.002"/>
  <system-out/>
  <testcase classname="practice.testng.SampleTest" name="createcontactTest" time="0.001"/>
  <system-out/>
  <testcase classname="practice.testng.SampleTest" name="createcontactTest" time="0.002"/>
  <system-out/>
  <testcase classname="practice.testng.SampleTest" name="createcontactTest" time="0.020"/>
  <system-out/>
  <testcase classname="practice.testng.SampleTest" name="createcontactTest" time="0.002"/>
  <system-out/>
  <testcase classname="practice.testng.SampleTest" name="createcontactTest" time="0.002"/>
  <system-out/>
  <testcase classname="practice.testng.SampleTest" name="createcontactTest" time="0.003"/>
  <system-out/>
  <testcase classname="practice.testng.SampleTest" name="deleteContactTest">
    <skipped/>
  </testcase> <!-- deleteContactTest -->
  <system-out/>
  <testcase classname="practice.testng.SampleTest" name="modifycontactTest">
    <skipped/>
  </testcase> <!-- modifycontactTest -->
  <system-out/>
</testsuite> <!-- practice.testng.SampleTest -->
